Determining if the pthread_create exist failed with the following output:
Change Dir: /home/ligh/linux/temp/CmakeProjecDemo/build/CMakeFiles/CMakeTmp

Run Build Command:"/usr/bin/make" "cmTC_7d1ea/fast"
/usr/bin/make -f CMakeFiles/cmTC_7d1ea.dir/build.make CMakeFiles/cmTC_7d1ea.dir/build
make[1]: Entering directory '/home/ligh/linux/temp/CmakeProjecDemo/build/CMakeFiles/CMakeTmp'
Building C object CMakeFiles/cmTC_7d1ea.dir/CheckSymbolExists.c.o
/usr/bin/cc    -o CMakeFiles/cmTC_7d1ea.dir/CheckSymbolExists.c.o   -c /home/ligh/linux/temp/CmakeProjecDemo/build/CMakeFiles/CMakeTmp/CheckSymbolExists.c
Linking C executable cmTC_7d1ea
/usr/local/bin/cmake -E cmake_link_script CMakeFiles/cmTC_7d1ea.dir/link.txt --verbose=1
/usr/bin/cc      CMakeFiles/cmTC_7d1ea.dir/CheckSymbolExists.c.o  -o cmTC_7d1ea 
CMakeFiles/cmTC_7d1ea.dir/CheckSymbolExists.c.o：在函数‘main’中：
CheckSymbolExists.c:(.text+0x16)：对‘pthread_create’未定义的引用
collect2: error: ld returned 1 exit status
CMakeFiles/cmTC_7d1ea.dir/build.make:86: recipe for target 'cmTC_7d1ea' failed
make[1]: *** [cmTC_7d1ea] Error 1
make[1]: Leaving directory '/home/ligh/linux/temp/CmakeProjecDemo/build/CMakeFiles/CMakeTmp'
Makefile:121: recipe for target 'cmTC_7d1ea/fast' failed
make: *** [cmTC_7d1ea/fast] Error 2

File /home/ligh/linux/temp/CmakeProjecDemo/build/CMakeFiles/CMakeTmp/CheckSymbolExists.c:
/* */
#include <pthread.h>

int main(int argc, char** argv)
{
  (void)argv;
#ifndef pthread_create
  return ((int*)(&pthread_create))[argc];
#else
  (void)argc;
  return 0;
#endif
}

Determining if the function pthread_create exists in the pthreads failed with the following output:
Change Dir: /home/ligh/linux/temp/CmakeProjecDemo/build/CMakeFiles/CMakeTmp

Run Build Command:"/usr/bin/make" "cmTC_46cf7/fast"
/usr/bin/make -f CMakeFiles/cmTC_46cf7.dir/build.make CMakeFiles/cmTC_46cf7.dir/build
make[1]: Entering directory '/home/ligh/linux/temp/CmakeProjecDemo/build/CMakeFiles/CMakeTmp'
Building C object CMakeFiles/cmTC_46cf7.dir/CheckFunctionExists.c.o
/usr/bin/cc   -DCHECK_FUNCTION_EXISTS=pthread_create   -o CMakeFiles/cmTC_46cf7.dir/CheckFunctionExists.c.o   -c /usr/local/share/cmake-3.13/Modules/CheckFunctionExists.c
Linking C executable cmTC_46cf7
/usr/local/bin/cmake -E cmake_link_script CMakeFiles/cmTC_46cf7.dir/link.txt --verbose=1
/usr/bin/cc  -DCHECK_FUNCTION_EXISTS=pthread_create    CMakeFiles/cmTC_46cf7.dir/CheckFunctionExists.c.o  -o cmTC_46cf7 -lpthreads 
/usr/bin/ld: 找不到 -lpthreads
collect2: error: ld returned 1 exit status
CMakeFiles/cmTC_46cf7.dir/build.make:86: recipe for target 'cmTC_46cf7' failed
make[1]: *** [cmTC_46cf7] Error 1
make[1]: Leaving directory '/home/ligh/linux/temp/CmakeProjecDemo/build/CMakeFiles/CMakeTmp'
Makefile:121: recipe for target 'cmTC_46cf7/fast' failed
make: *** [cmTC_46cf7/fast] Error 2


